Traceback (most recent call last):
  File "/home/jovyan/ooi-data-explorations/.venv/lib/python3.11/site-packages/jupyter_cache/executors/utils.py", line 58, in single_nb_execution
    executenb(
  File "/home/jovyan/ooi-data-explorations/.venv/lib/python3.11/site-packages/nbclient/client.py", line 1319, in execute
    return NotebookClient(nb=nb, resources=resources, km=km, **kwargs).execute()
           ^^^^^^^^^^^^^^^^^^^^^^^^^^^^^^^^^^^^^^^^^^^^^^^^^^^^^^^^^^^^^^^^^^^^^
  File "/home/jovyan/ooi-data-explorations/.venv/lib/python3.11/site-packages/jupyter_core/utils/__init__.py", line 165, in wrapped
    return loop.run_until_complete(inner)
           ^^^^^^^^^^^^^^^^^^^^^^^^^^^^^^
  File "/opt/conda/lib/python3.11/asyncio/base_events.py", line 653, in run_until_complete
    return future.result()
           ^^^^^^^^^^^^^^^
  File "/home/jovyan/ooi-data-explorations/.venv/lib/python3.11/site-packages/nbclient/client.py", line 709, in async_execute
    await self.async_execute_cell(
  File "/home/jovyan/ooi-data-explorations/.venv/lib/python3.11/site-packages/nbclient/client.py", line 1062, in async_execute_cell
    await self._check_raise_for_error(cell, cell_index, exec_reply)
  File "/home/jovyan/ooi-data-explorations/.venv/lib/python3.11/site-packages/nbclient/client.py", line 918, in _check_raise_for_error
    raise CellExecutionError.from_cell_and_msg(cell, exec_reply_content)
nbclient.exceptions.CellExecutionError: An error occurred while executing the following cell:
------------------
import pprint

# import the functions used to list available information about sites, nodes and sensors ...
from ooi_data_explorations.common import list_sites, list_nodes, list_sensors

# ... and the more detailed information about a specific site, node and sensor (reference designator)
from ooi_data_explorations.common import list_methods, list_streams, list_metadata
------------------


[31m---------------------------------------------------------------------------[39m
[31mModuleNotFoundError[39m                       Traceback (most recent call last)
[36mCell[39m[36m [39m[32mIn[1][39m[32m, line 4[39m
[32m      1[39m [38;5;28;01mimport[39;00m[38;5;250m [39m[34;01mpprint[39;00m
[32m      3[39m [38;5;66;03m# import the functions used to list available information about sites, nodes and sensors ...[39;00m
[32m----> [39m[32m4[39m [38;5;28;01mfrom[39;00m[38;5;250m [39m[34;01mooi_data_explorations[39;00m[34;01m.[39;00m[34;01mcommon[39;00m[38;5;250m [39m[38;5;28;01mimport[39;00m list_sites, list_nodes, list_sensors
[32m      6[39m [38;5;66;03m# ... and the more detailed information about a specific site, node and sensor (reference designator)[39;00m
[32m      7[39m [38;5;28;01mfrom[39;00m[38;5;250m [39m[34;01mooi_data_explorations[39;00m[34;01m.[39;00m[34;01mcommon[39;00m[38;5;250m [39m[38;5;28;01mimport[39;00m list_methods, list_streams, list_metadata

[31mModuleNotFoundError[39m: No module named 'ooi_data_explorations'

